[('HL', 'trip', 0.0, 1.597) ('HL+2', 'trip', 0.12, 1.523)
 ('HL', 'sing', 0.319, 1.598) ('H-1HLL', 'trip', 0.333, 1.672)
 ('HL+1', 'trip', 0.417, 1.596) ('HL+1', 'sing', 0.646, 1.6)
 ('HHLL+2', 'trip', 0.662, 1.559) ('H-1L+2', 'trip', 0.662, 1.591)
 ('HL+2', 'sing', 0.688, 1.589) ('closed-shell', 'sing', 0.689, 1.59)
 ('H-1L', 'trip', 0.759, 1.664) ('HHLL+1', 'trip', 0.78, 1.632)
 ('HHLL+2', 'sing', 0.803, 1.581) ('HHLL', 'sing', 0.825, 1.621)
 ('H-1HLL+2', 'trip', 0.831, 1.599) ('HHL+2L+2', 'sing', 0.868, 1.523)
 ('H-2HLL', 'trip', 0.868, 1.618) ('H-1HLL+2', 'sing', 0.891, 1.598)
 ('H-1L', 'sing', 0.892, 1.599) ('H-1HLL', 'sing', 0.898, 1.607)
 ('H-2HLL+2', 'trip', 0.902, 1.557) ('HHL+1L+2', 'trip', 0.963, 1.558)
 ('H-1HLL+1', 'trip', 1.025, 1.632) ('H-1HHLL+1L+2', 'sing', 1.041, 1.614)
 ('HHL+1L+2', 'sing', 1.062, 1.557) ('H-1H-1LL', 'sing', 1.063, 1.672)
 ('HHLL+1', 'sing', 1.114, 1.623) ('H-1HL+1L+1', 'trip', 1.124, 1.674)
 ('H-1HHLLL+1', 'trip', 1.138, 1.684) ('H-1L+1', 'trip', 1.141, 1.664)
 ('H-1H-1LL+1', 'trip', 1.176, 1.675) ('H-1HL+1L+2', 'trip', 1.179, 1.601)
 ('H-1HHLLL+1', 'sing', 1.222, 1.68) ('H-2HLL+1', 'trip', 1.236, 1.616)
 ('H-1HL+1L+2', 'sing', 1.257, 1.597) ('H-1L+1', 'sing', 1.259, 1.598)
 ('H-2HLL+1', 'sing', 1.265, 1.624) ('H-1HLL+1', 'sing', 1.288, 1.605)
 ('H-1H-1HLLL+1', 'sing', 1.309, 1.68) ('HHL+1L+1', 'sing', 1.408, 1.625)
 ('H-2HLL+2', 'sing', 1.458, 1.611) ('H-1H-1LL+1', 'sing', 1.465, 1.673)
 ('H-2HL+1L+1', 'trip', 1.482, 1.619)
 ('H-1HHLL+1L+1', 'trip', 1.488, 1.685)
 ('H-1HHLL+1L+1', 'sing', 1.547, 1.682) ('H-3L+2', 'trip', 1.604, 1.515)
 ('H-1HL+1L+1', 'sing', 1.609, 1.608) ('H-3L+2', 'sing', 1.675, 1.517)
 ('H-2HL+1L+2', 'sing', 1.704, 1.612) ('H-4L+2', 'trip', 1.78, 1.494)
 ('H-4L+2', 'sing', 1.793, 1.495) ('H-1H-1L+1L+1', 'sing', 1.833, 1.675)
 ('H-3L', 'trip', 1.839, 1.588) ('H-3L', 'sing', 1.89, 1.586)
 ('H-1H-1LLL+1L+1', 'sing', 1.899, 1.689) ('H-4L', 'trip', 2.119, 1.572)
 ('H-3L+1', 'trip', 2.159, 1.587) ('H-4L+1', 'sing', 2.354, 1.56)
 ('HL+3', 'trip', 4.946, 1.587) ('HL+3', 'sing', 4.95, 1.586)
 ('HL+4', 'trip', 5.059, 1.588) ('HL+4', 'sing', 5.068, 1.589)
 ('H-1HLL+3', 'sing', 5.37, 1.613) ('HHLL+3', 'sing', 5.37, 1.613)
 ('HHL+2L+3', 'trip', 5.419, 1.539) ('HHL+2L+3', 'sing', 5.419, 1.539)
 ('H-1HLL+3', 'trip', 5.434, 1.61) ('HHLL+3', 'trip', 5.434, 1.609)
 ('HHL+2L+4', 'sing', 5.52, 1.538) ('HHLL+4', 'sing', 5.526, 1.612)
 ('HHLL+4', 'trip', 5.549, 1.608) ('H-3L+3', 'trip', 5.592, 2.168)
 ('H-3L+3', 'sing', 5.592, 2.169) ('H-1HL+2L+3', 'trip', 5.644, 1.589)
 ('H-1HL+2L+3', 'sing', 5.644, 1.589) ('H-1L+3', 'trip', 5.646, 1.589)
 ('H-1L+3', 'sing', 5.647, 1.589) ('H-1HHLLL+3', 'sing', 5.695, 1.674)
 ('HHL+1L+3', 'sing', 5.708, 1.616) ('H-2HLL+3', 'trip', 5.709, 1.606)
 ('H-2HLL+3', 'sing', 5.71, 1.606) ('H-1HLL+4', 'sing', 5.721, 1.598)
 ('H-1HL+2L+4', 'sing', 5.755, 1.59) ('H-1L+4', 'trip', 5.758, 1.591)
 ('H-1L+4', 'sing', 5.759, 1.59) ('HHL+1L+3', 'trip', 5.76, 1.612)
 ('H-1H-1LL+3', 'trip', 5.812, 1.666) ('H-1H-1LL+3', 'sing', 5.815, 1.666)
 ('HHL+1L+4', 'sing', 5.847, 1.616) ('HHL+1L+4', 'trip', 5.865, 1.61)
 ('H-1HL+1L+3', 'sing', 5.915, 1.597) ('H-1H-1LL+4', 'sing', 5.967, 1.666)
 ('H-1HL+1L+3', 'trip', 6.011, 1.599)
 ('H-1HHLL+1L+3', 'sing', 6.049, 1.679) ('H-1HL+1L+4', 'sing', 6.07, 1.599)
 ('H-1H-1L+1L+3', 'trip', 6.219, 1.668)
 ('H-1H-1L+1L+3', 'sing', 6.222, 1.669)
 ('H-1H-1L+1L+4', 'sing', 6.361, 1.669) ('H-4L+3', 'trip', 6.794, 1.566)
 ('H-4L+3', 'sing', 6.795, 1.566) ('HHL+3L+4', 'trip', 10.291, 1.596)
 ('HHL+3L+3', 'sing', 10.406, 1.597) ('HHL+3L+4', 'sing', 10.415, 1.597)
 ('H-2HL+3L+3', 'trip', 10.503, 1.598)
 ('H-1HL+3L+3', 'sing', 10.548, 1.587) ('HHL+4L+4', 'sing', 10.609, 1.595)
 ('H-1HL+4L+4', 'sing', 10.716, 1.589)
 ('H-1H-1L+3L+3', 'sing', 10.949, 1.664)
 ('H-1H-1L+3L+4', 'sing', 10.962, 1.662)
 ('H-1H-1HHLLL+3L+3', 'sing', 11.029, 1.672)
 ('H-1H-1L+4L+4', 'sing', 11.199, 1.661)]
45
Done with mol_trip_HL.xyz
-------
45
Done with mol_trip_HL+2.xyz
-------
45
Done with mol_sing_HL.xyz
-------
45
Done with mol_trip_H-1HLL.xyz
-------
45
Done with mol_trip_HL+1.xyz
-------
45
Done with mol_sing_HL+1.xyz
-------
45
Done with mol_trip_HHLL+2.xyz
-------
45
Done with mol_trip_H-1L+2.xyz
-------
45
Done with mol_sing_HL+2.xyz
-------
45
Done with mol_sing_closed-shell.xyz
-------
45
Done with mol_trip_H-1L.xyz
-------
45
Done with mol_trip_HHLL+1.xyz
-------
45
Done with mol_sing_HHLL+2.xyz
-------
45
Done with mol_sing_HHLL.xyz
-------
45
Done with mol_trip_H-1HLL+2.xyz
-------
45
Done with mol_sing_HHL+2L+2.xyz
-------
45
Done with mol_trip_H-2HLL.xyz
-------
45
Done with mol_sing_H-1HLL+2.xyz
-------
45
Done with mol_sing_H-1L.xyz
-------
45
Done with mol_sing_H-1HLL.xyz
-------
45
Done with mol_trip_H-2HLL+2.xyz
-------
45
Done with mol_trip_HHL+1L+2.xyz
-------
45
Done with mol_trip_H-1HLL+1.xyz
-------
45
Done with mol_sing_H-1HHLL+1L+2.xyz
-------
45
Done with mol_sing_HHL+1L+2.xyz
-------
45
Done with mol_sing_H-1H-1LL.xyz
-------
45
Done with mol_sing_HHLL+1.xyz
-------
45
Done with mol_trip_H-1HL+1L+1.xyz
-------
45
Done with mol_trip_H-1HHLLL+1.xyz
-------
45
Done with mol_trip_H-1L+1.xyz
-------
45
Done with mol_trip_H-1H-1LL+1.xyz
-------
45
Done with mol_trip_H-1HL+1L+2.xyz
-------
45
Done with mol_sing_H-1HHLLL+1.xyz
-------
45
Done with mol_trip_H-2HLL+1.xyz
-------
45
Done with mol_sing_H-1HL+1L+2.xyz
-------
45
Done with mol_sing_H-1L+1.xyz
-------
45
Done with mol_sing_H-2HLL+1.xyz
-------
45
Done with mol_sing_H-1HLL+1.xyz
-------
45
Done with mol_sing_H-1H-1HLLL+1.xyz
-------
45
Done with mol_sing_HHL+1L+1.xyz
-------
45
Done with mol_sing_H-2HLL+2.xyz
-------
45
Done with mol_sing_H-1H-1LL+1.xyz
-------
45
Done with mol_trip_H-2HL+1L+1.xyz
-------
45
Done with mol_trip_H-1HHLL+1L+1.xyz
-------
45
Done with mol_sing_H-1HHLL+1L+1.xyz
-------
45
Done with mol_trip_H-3L+2.xyz
-------
45
Done with mol_sing_H-1HL+1L+1.xyz
-------
45
Done with mol_sing_H-3L+2.xyz
-------
45
Done with mol_sing_H-2HL+1L+2.xyz
-------
45
Done with mol_trip_H-4L+2.xyz
-------
45
Done with mol_sing_H-4L+2.xyz
-------
45
Done with mol_sing_H-1H-1L+1L+1.xyz
-------
45
Done with mol_trip_H-3L.xyz
-------
45
Done with mol_sing_H-3L.xyz
-------
45
Done with mol_sing_H-1H-1LLL+1L+1.xyz
-------
45
Done with mol_trip_H-4L.xyz
-------
45
Done with mol_trip_H-3L+1.xyz
-------
45
Done with mol_sing_H-4L+1.xyz
-------
45
Done with mol_trip_HL+3.xyz
-------
45
Done with mol_sing_HL+3.xyz
-------
45
Done with mol_trip_HL+4.xyz
-------
45
Done with mol_sing_HL+4.xyz
-------
45
Done with mol_sing_H-1HLL+3.xyz
-------
45
Done with mol_sing_HHLL+3.xyz
-------
45
Done with mol_trip_HHL+2L+3.xyz
-------
45
Done with mol_sing_HHL+2L+3.xyz
-------
45
Done with mol_trip_H-1HLL+3.xyz
-------
45
Done with mol_trip_HHLL+3.xyz
-------
45
Done with mol_sing_HHL+2L+4.xyz
-------
45
Done with mol_sing_HHLL+4.xyz
-------
45
Done with mol_trip_HHLL+4.xyz
-------
42
Done with mol_trip_H-3L+3.xyz
-------
42
Done with mol_sing_H-3L+3.xyz
-------
45
Done with mol_trip_H-1HL+2L+3.xyz
-------
45
Done with mol_sing_H-1HL+2L+3.xyz
-------
45
Done with mol_trip_H-1L+3.xyz
-------
45
Done with mol_sing_H-1L+3.xyz
-------
45
Done with mol_sing_H-1HHLLL+3.xyz
-------
45
Done with mol_sing_HHL+1L+3.xyz
-------
45
Done with mol_trip_H-2HLL+3.xyz
-------
45
Done with mol_sing_H-2HLL+3.xyz
-------
45
Done with mol_sing_H-1HLL+4.xyz
-------
45
Done with mol_sing_H-1HL+2L+4.xyz
-------
45
Done with mol_trip_H-1L+4.xyz
-------
45
Done with mol_sing_H-1L+4.xyz
-------
45
Done with mol_trip_HHL+1L+3.xyz
-------
45
Done with mol_trip_H-1H-1LL+3.xyz
-------
45
Done with mol_sing_H-1H-1LL+3.xyz
-------
45
Done with mol_sing_HHL+1L+4.xyz
-------
45
Done with mol_trip_HHL+1L+4.xyz
-------
45
Done with mol_sing_H-1HL+1L+3.xyz
-------
45
Done with mol_sing_H-1H-1LL+4.xyz
-------
45
Done with mol_trip_H-1HL+1L+3.xyz
-------
45
Done with mol_sing_H-1HHLL+1L+3.xyz
-------
45
Done with mol_sing_H-1HL+1L+4.xyz
-------
45
Done with mol_trip_H-1H-1L+1L+3.xyz
-------
45
Done with mol_sing_H-1H-1L+1L+3.xyz
-------
45
Done with mol_sing_H-1H-1L+1L+4.xyz
-------
45
Done with mol_trip_H-4L+3.xyz
-------
45
Done with mol_sing_H-4L+3.xyz
-------
45
Done with mol_trip_HHL+3L+4.xyz
-------
45
Done with mol_sing_HHL+3L+3.xyz
-------
45
Done with mol_sing_HHL+3L+4.xyz
-------
45
Done with mol_trip_H-2HL+3L+3.xyz
-------
45
Done with mol_sing_H-1HL+3L+3.xyz
-------
45
Done with mol_sing_HHL+4L+4.xyz
-------
45
Done with mol_sing_H-1HL+4L+4.xyz
-------
45
Done with mol_sing_H-1H-1L+3L+3.xyz
-------
45
Done with mol_sing_H-1H-1L+3L+4.xyz
-------
45
Done with mol_sing_H-1H-1HHLLL+3L+3.xyz
-------
45
Done with mol_sing_H-1H-1L+4L+4.xyz
-------
